<?xml version="1.0" encoding="UTF-8"?>
<robot generator="Robot 6.1 (Python 3.10.8 on win32)" generated="20230821 17:14:06.978" rpa="false" schemaversion="4">
<suite id="s1" name="Robot-Framework-Demo" source="C:\Users\onelity-pzotos\Repos\robot-framework-demo">
<suite id="s1-s1" name="Test" source="C:\Users\onelity-pzotos\Repos\robot-framework-demo\test.robot">
<test id="s1-s1-t1" name="Valid Login" line="13">
<kw name="Open Browser To Login Page">
<kw name="Open Browser" library="SeleniumLibrary">
<arg>${LOGIN URL}</arg>
<arg>${BROWSER}</arg>
<doc>Opens a new browser instance to the optional ``url``.</doc>
<msg timestamp="20230821 17:14:07.248" level="INFO">Opening browser 'Chrome' to base url 'http://www.google.com'.</msg>
<msg timestamp="20230821 17:14:09.500" level="WARN">The chromedriver version (108.0.5359.71) detected in PATH at C:\Users\onelity-pzotos\Desktop\chromedriver_win32\chromedriver.exe might not be compatible with the detected chrome version (116.0.5845.96); currently, chromedriver 116.0.5845.96 is recommended for chrome 116.*, so it is advised to delete the driver in PATH and retry</msg>
<msg timestamp="20230821 17:14:23.229" level="INFO">Cannot capture screenshot because no browser is open.</msg>
<msg timestamp="20230821 17:14:23.230" level="FAIL">WebDriverException: Message: unknown error: Chrome failed to start: exited normally.
  (unknown error: DevToolsActivePort file doesn't exist)
  (The process started from chrome location C:\Program Files\Google\Chrome\Application\chrome.exe is no longer running, so ChromeDriver is assuming that Chrome has crashed.)
Stacktrace:
Backtrace:
	(No symbol) [0x0032F243]
	(No symbol) [0x002B7FD1]
	(No symbol) [0x001AD04D]
	(No symbol) [0x001CC24E]
	(No symbol) [0x001C82E9]
	(No symbol) [0x001FF056]
	(No symbol) [0x001FEB2A]
	(No symbol) [0x001F8386]
	(No symbol) [0x001D163C]
	(No symbol) [0x001D269D]
	GetHandleVerifier [0x005C9A22+2655074]
	GetHandleVerifier [0x005BCA24+2601828]
	GetHandleVerifier [0x003D8C0A+619850]
	GetHandleVerifier [0x003D7830+614768]
	(No symbol) [0x002C05FC]
	(No symbol) [0x002C5968]
	(No symbol) [0x002C5A55]
	(No symbol) [0x002D051B]
	BaseThreadInitThunk [0x75C57D59+25]
	DummyExport [0x710AE057+47031]
	DummyExport [0x710E1AF8+258648]
	RtlInitializeExceptionChain [0x772DB79B+107]
	RtlClearBits [0x772DB71F+191]
</msg>
<status status="FAIL" starttime="20230821 17:14:07.247" endtime="20230821 17:14:23.232"/>
</kw>
<status status="FAIL" starttime="20230821 17:14:07.246" endtime="20230821 17:14:23.232"/>
</kw>
<kw name="Input Username">
<arg>demo</arg>
<status status="NOT RUN" starttime="20230821 17:14:23.233" endtime="20230821 17:14:23.233"/>
</kw>
<kw name="Input Password">
<arg>mode</arg>
<status status="NOT RUN" starttime="20230821 17:14:23.233" endtime="20230821 17:14:23.233"/>
</kw>
<kw name="Submit Credentials">
<status status="NOT RUN" starttime="20230821 17:14:23.233" endtime="20230821 17:14:23.233"/>
</kw>
<kw name="Welcome Page Should Be Open">
<status status="NOT RUN" starttime="20230821 17:14:23.233" endtime="20230821 17:14:23.233"/>
</kw>
<kw name="Close Browser" library="SeleniumLibrary" type="TEARDOWN">
<doc>Closes the current browser.</doc>
<status status="PASS" starttime="20230821 17:14:23.234" endtime="20230821 17:14:23.234"/>
</kw>
<status status="FAIL" starttime="20230821 17:14:07.246" endtime="20230821 17:14:23.234">WebDriverException: Message: unknown error: Chrome failed to start: exited normally.
  (unknown error: DevToolsActivePort file doesn't exist)
  (The process started from chrome location C:\Program Files\Google\Chrome\Application\chrome.exe is no longer running, so ChromeDriver is assuming that Chrome has crashed.)
Stacktrace:
Backtrace:
	(No symbol) [0x0032F243]
	(No symbol) [0x002B7FD1]
	(No symbol) [0x001AD04D]
	(No symbol) [0x001CC24E]
	(No symbol) [0x001C82E9]
	(No symbol) [0x001FF056]
	(No symbol) [0x001FEB2A]
	(No symbol) [0x001F8386]
	(No symbol) [0x001D163C]
	(No symbol) [0x001D269D]
	GetHandleVerifier [0x005C9A22+2655074]
	GetHandleVerifier [0x005BCA24+2601828]
	GetHandleVerifier [0x003D8C0A+619850]
	GetHandleVerifier [0x003D7830+614768]
	(No symbol) [0x002C05FC]
	(No symbol) [0x002C5968]
	(No symbol) [0x002C5A55]
	(No symbol) [0x002D051B]
	BaseThreadInitThunk [0x75C57D59+25]
	DummyExport [0x710AE057+47031]
	DummyExport [0x710E1AF8+258648]
	RtlInitializeExceptionChain [0x772DB79B+107]
	RtlClearBits [0x772DB71F+191]
</status>
</test>
<doc>Simple example using SeleniumLibrary.</doc>
<status status="FAIL" starttime="20230821 17:14:07.013" endtime="20230821 17:14:23.238"/>
</suite>
<status status="FAIL" starttime="20230821 17:14:06.980" endtime="20230821 17:14:23.239"/>
</suite>
<statistics>
<total>
<stat pass="0" fail="1" skip="0">All Tests</stat>
</total>
<tag>
</tag>
<suite>
<stat pass="0" fail="1" skip="0" id="s1" name="Robot-Framework-Demo">Robot-Framework-Demo</stat>
<stat pass="0" fail="1" skip="0" id="s1-s1" name="Test">Robot-Framework-Demo.Test</stat>
</suite>
</statistics>
<errors>
<msg timestamp="20230821 17:14:06.974" level="ERROR">Error in file 'C:\Users\onelity-pzotos\Repos\robot-framework-demo\test.robot' on line 5: Non-existing setting 'options = webdriver.ChromeOptions()'.</msg>
<msg timestamp="20230821 17:14:06.974" level="ERROR">Error in file 'C:\Users\onelity-pzotos\Repos\robot-framework-demo\test.robot' on line 6: Non-existing setting 'options.add_argument('--disable-dev-shm-usage')'.</msg>
<msg timestamp="20230821 17:14:09.500" level="WARN">The chromedriver version (108.0.5359.71) detected in PATH at C:\Users\onelity-pzotos\Desktop\chromedriver_win32\chromedriver.exe might not be compatible with the detected chrome version (116.0.5845.96); currently, chromedriver 116.0.5845.96 is recommended for chrome 116.*, so it is advised to delete the driver in PATH and retry</msg>
</errors>
</robot>
